2023-07-24T12:31:36+00:00 CRITICAL Cannot redeclare formatFieldsForHome() (previously declared in /var/www/html/wp-content/themes/hash-house/inc/route.php:220) in /var/www/html/wp-content/themes/hash-house/inc/route.php on line 294

2023-07-24T12:32:36+00:00 CRITICAL Cannot redeclare formatFieldsForHome() (previously declared in /var/www/html/wp-content/themes/hash-house/inc/route.php:220) in /var/www/html/wp-content/themes/hash-house/inc/route.php on line 294

2023-07-24T12:33:35+00:00 CRITICAL Cannot redeclare formatFieldsForHome() (previously declared in /var/www/html/wp-content/themes/hash-house/inc/route.php:220) in /var/www/html/wp-content/themes/hash-house/inc/route.php on line 294

2023-07-24T12:33:39+00:00 CRITICAL Cannot redeclare formatFieldsForHome() (previously declared in /var/www/html/wp-content/themes/hash-house/inc/route.php:220) in /var/www/html/wp-content/themes/hash-house/inc/route.php on line 294

2023-07-24T12:46:11+00:00 CRITICAL Uncaught TypeError: array_merge(): Argument #1 must be of type array, null given in /var/www/html/wp-content/themes/hash-house/inc/route.php:265
Stack trace:
#0 /var/www/html/wp-content/themes/hash-house/inc/route.php(265): array_merge(NULL, NULL)
#1 /var/www/html/wp-content/themes/hash-house/inc/route.php(114): introducingPage(Array)
#2 /var/www/html/wp-includes/rest-api/class-wp-rest-server.php(1181): getPage(Object(WP_REST_Request))
#3 /var/www/html/wp-includes/rest-api/class-wp-rest-server.php(1028): WP_REST_Server->respond_to_request(Object(WP_REST_Request), '/wp/v2/page/(?P...', Array, NULL)
#4 /var/www/html/wp-includes/rest-api/class-wp-rest-server.php(442): WP_REST_Server->dispatch(Object(WP_REST_Request))
#5 /var/www/html/wp-includes/rest-api.php(410): WP_REST_Server->serve_request('/wp/v2/page/int...')
#6 /var/www/html/wp-includes/class-wp-hook.php(308): rest_api_loaded(Object(WP))
#7 /var/www/html/wp-includes/class-wp-hook.php(332): WP_Hook->apply_filters(NULL, Array)
#8 /var/www/html/wp-includes/plugin.php(565): WP_Hook->do_action(Array)
#9 /var/www/html/wp-includes/class-wp.php(399): do_action_ref_array('parse_request', Array)
#10 /var/www/html/wp-includes/class-wp.php(780): WP->parse_request('')
#11 /var/www/html/wp-includes/functions.php(1334): WP->main('')
#12 /var/www/html/wp-blog-header.php(16): wp()
#13 /var/www/html/index.php(17): require('/var/www/html/w...')
#14 {main}
  thrown in /var/www/html/wp-content/themes/hash-house/inc/route.php on line 265

2023-07-24T12:46:22+00:00 CRITICAL Uncaught TypeError: array_merge(): Argument #1 must be of type array, null given in /var/www/html/wp-content/themes/hash-house/inc/route.php:265
Stack trace:
#0 /var/www/html/wp-content/themes/hash-house/inc/route.php(265): array_merge(NULL, NULL)
#1 /var/www/html/wp-content/themes/hash-house/inc/route.php(114): introducingPage(Array)
#2 /var/www/html/wp-includes/rest-api/class-wp-rest-server.php(1181): getPage(Object(WP_REST_Request))
#3 /var/www/html/wp-includes/rest-api/class-wp-rest-server.php(1028): WP_REST_Server->respond_to_request(Object(WP_REST_Request), '/wp/v2/page/(?P...', Array, NULL)
#4 /var/www/html/wp-includes/rest-api/class-wp-rest-server.php(442): WP_REST_Server->dispatch(Object(WP_REST_Request))
#5 /var/www/html/wp-includes/rest-api.php(410): WP_REST_Server->serve_request('/wp/v2/page/int...')
#6 /var/www/html/wp-includes/class-wp-hook.php(308): rest_api_loaded(Object(WP))
#7 /var/www/html/wp-includes/class-wp-hook.php(332): WP_Hook->apply_filters(NULL, Array)
#8 /var/www/html/wp-includes/plugin.php(565): WP_Hook->do_action(Array)
#9 /var/www/html/wp-includes/class-wp.php(399): do_action_ref_array('parse_request', Array)
#10 /var/www/html/wp-includes/class-wp.php(780): WP->parse_request('')
#11 /var/www/html/wp-includes/functions.php(1334): WP->main('')
#12 /var/www/html/wp-blog-header.php(16): wp()
#13 /var/www/html/index.php(17): require('/var/www/html/w...')
#14 {main}
  thrown in /var/www/html/wp-content/themes/hash-house/inc/route.php on line 265

2023-07-24T12:47:29+00:00 CRITICAL Uncaught TypeError: array_merge(): Argument #1 must be of type array, null given in /var/www/html/wp-content/themes/hash-house/inc/route.php:265
Stack trace:
#0 /var/www/html/wp-content/themes/hash-house/inc/route.php(265): array_merge(NULL, NULL)
#1 /var/www/html/wp-content/themes/hash-house/inc/route.php(114): introducingPage(Array)
#2 /var/www/html/wp-includes/rest-api/class-wp-rest-server.php(1181): getPage(Object(WP_REST_Request))
#3 /var/www/html/wp-includes/rest-api/class-wp-rest-server.php(1028): WP_REST_Server->respond_to_request(Object(WP_REST_Request), '/wp/v2/page/(?P...', Array, NULL)
#4 /var/www/html/wp-includes/rest-api/class-wp-rest-server.php(442): WP_REST_Server->dispatch(Object(WP_REST_Request))
#5 /var/www/html/wp-includes/rest-api.php(410): WP_REST_Server->serve_request('/wp/v2/page/int...')
#6 /var/www/html/wp-includes/class-wp-hook.php(308): rest_api_loaded(Object(WP))
#7 /var/www/html/wp-includes/class-wp-hook.php(332): WP_Hook->apply_filters(NULL, Array)
#8 /var/www/html/wp-includes/plugin.php(565): WP_Hook->do_action(Array)
#9 /var/www/html/wp-includes/class-wp.php(399): do_action_ref_array('parse_request', Array)
#10 /var/www/html/wp-includes/class-wp.php(780): WP->parse_request('')
#11 /var/www/html/wp-includes/functions.php(1334): WP->main('')
#12 /var/www/html/wp-blog-header.php(16): wp()
#13 /var/www/html/index.php(17): require('/var/www/html/w...')
#14 {main}
  thrown in /var/www/html/wp-content/themes/hash-house/inc/route.php on line 265

2023-07-24T12:55:30+00:00 CRITICAL syntax error, unexpected token ";", expecting "]" in /var/www/html/wp-content/themes/hash-house/inc/route.php on line 284

2023-07-24T12:56:29+00:00 CRITICAL syntax error, unexpected token ";", expecting "]" in /var/www/html/wp-content/themes/hash-house/inc/route.php on line 284

2023-07-24T12:57:00+00:00 CRITICAL syntax error, unexpected token ";", expecting "]" in /var/www/html/wp-content/themes/hash-house/inc/route.php on line 284

2023-07-24T12:58:29+00:00 CRITICAL syntax error, unexpected token ";", expecting "]" in /var/www/html/wp-content/themes/hash-house/inc/route.php on line 284

