2023-04-03T08:50:10+00:00 CRITICAL syntax error, unexpected token "}" in /var/www/html/wp-content/themes/hash-house/inc/route.php on line 50

2023-04-03T09:17:04+00:00 CRITICAL Uncaught ArgumentCountError: Too few arguments to function my_woocommerce_rest_check_permissions(), 1 passed in /var/www/html/wp-includes/class-wp-hook.php on line 308 and exactly 4 expected in /var/www/html/wp-content/themes/hash-house/inc/route.php:9
Stack trace:
#0 /var/www/html/wp-includes/class-wp-hook.php(308): my_woocommerce_rest_check_permissions(Object(WP_REST_Server))
#1 /var/www/html/wp-includes/class-wp-hook.php(332): WP_Hook->apply_filters(NULL, Array)
#2 /var/www/html/wp-includes/plugin.php(517): WP_Hook->do_action(Array)
#3 /var/www/html/wp-includes/rest-api.php(577): do_action('rest_api_init', Object(WP_REST_Server))
#4 /var/www/html/wp-includes/rest-api.php(403): rest_get_server()
#5 /var/www/html/wp-includes/class-wp-hook.php(308): rest_api_loaded(Object(WP))
#6 /var/www/html/wp-includes/class-wp-hook.php(332): WP_Hook->apply_filters(NULL, Array)
#7 /var/www/html/wp-includes/plugin.php(565): WP_Hook->do_action(Array)
#8 /var/www/html/wp-includes/class-wp.php(399): do_action_ref_array('parse_request', Array)
#9 /var/www/html/wp-includes/class-wp.php(780): WP->parse_request('')
#10 /var/www/html/wp-includes/functions.php(1334): WP->main('')
#11 /var/www/html/wp-blog-header.php(16): wp()
#12 /var/www/html/index.php(17): require('/var/www/html/w...')
#13 {main}
  thrown in /var/www/html/wp-content/themes/hash-house/inc/route.php on line 9

2023-04-03T09:18:24+00:00 CRITICAL Uncaught ArgumentCountError: Too few arguments to function my_woocommerce_rest_check_permissions(), 1 passed in /var/www/html/wp-includes/class-wp-hook.php on line 308 and exactly 4 expected in /var/www/html/wp-content/themes/hash-house/inc/route.php:9
Stack trace:
#0 /var/www/html/wp-includes/class-wp-hook.php(308): my_woocommerce_rest_check_permissions(Object(WP_REST_Server))
#1 /var/www/html/wp-includes/class-wp-hook.php(332): WP_Hook->apply_filters(NULL, Array)
#2 /var/www/html/wp-includes/plugin.php(517): WP_Hook->do_action(Array)
#3 /var/www/html/wp-includes/rest-api.php(577): do_action('rest_api_init', Object(WP_REST_Server))
#4 /var/www/html/wp-includes/rest-api.php(403): rest_get_server()
#5 /var/www/html/wp-includes/class-wp-hook.php(308): rest_api_loaded(Object(WP))
#6 /var/www/html/wp-includes/class-wp-hook.php(332): WP_Hook->apply_filters(NULL, Array)
#7 /var/www/html/wp-includes/plugin.php(565): WP_Hook->do_action(Array)
#8 /var/www/html/wp-includes/class-wp.php(399): do_action_ref_array('parse_request', Array)
#9 /var/www/html/wp-includes/class-wp.php(780): WP->parse_request('')
#10 /var/www/html/wp-includes/functions.php(1334): WP->main('')
#11 /var/www/html/wp-blog-header.php(16): wp()
#12 /var/www/html/index.php(17): require('/var/www/html/w...')
#13 {main}
  thrown in /var/www/html/wp-content/themes/hash-house/inc/route.php on line 9

2023-04-03T09:19:25+00:00 CRITICAL Uncaught ArgumentCountError: Too few arguments to function woocommerce_rest_check_permissions(), 1 passed in /var/www/html/wp-includes/class-wp-hook.php on line 308 and exactly 4 expected in /var/www/html/wp-content/themes/hash-house/inc/route.php:9
Stack trace:
#0 /var/www/html/wp-includes/class-wp-hook.php(308): woocommerce_rest_check_permissions(Object(WP_REST_Server))
#1 /var/www/html/wp-includes/class-wp-hook.php(332): WP_Hook->apply_filters(NULL, Array)
#2 /var/www/html/wp-includes/plugin.php(517): WP_Hook->do_action(Array)
#3 /var/www/html/wp-includes/rest-api.php(577): do_action('rest_api_init', Object(WP_REST_Server))
#4 /var/www/html/wp-includes/rest-api.php(403): rest_get_server()
#5 /var/www/html/wp-includes/class-wp-hook.php(308): rest_api_loaded(Object(WP))
#6 /var/www/html/wp-includes/class-wp-hook.php(332): WP_Hook->apply_filters(NULL, Array)
#7 /var/www/html/wp-includes/plugin.php(565): WP_Hook->do_action(Array)
#8 /var/www/html/wp-includes/class-wp.php(399): do_action_ref_array('parse_request', Array)
#9 /var/www/html/wp-includes/class-wp.php(780): WP->parse_request('')
#10 /var/www/html/wp-includes/functions.php(1334): WP->main('')
#11 /var/www/html/wp-blog-header.php(16): wp()
#12 /var/www/html/index.php(17): require('/var/www/html/w...')
#13 {main}
  thrown in /var/www/html/wp-content/themes/hash-house/inc/route.php on line 9

2023-04-03T09:20:49+00:00 CRITICAL Uncaught ArgumentCountError: Too few arguments to function my_woocommerce_rest_check_permissions(), 1 passed in /var/www/html/wp-includes/class-wp-hook.php on line 308 and exactly 4 expected in /var/www/html/wp-content/themes/hash-house/inc/route.php:9
Stack trace:
#0 /var/www/html/wp-includes/class-wp-hook.php(308): my_woocommerce_rest_check_permissions(Object(WP_REST_Server))
#1 /var/www/html/wp-includes/class-wp-hook.php(332): WP_Hook->apply_filters(NULL, Array)
#2 /var/www/html/wp-includes/plugin.php(517): WP_Hook->do_action(Array)
#3 /var/www/html/wp-includes/rest-api.php(577): do_action('rest_api_init', Object(WP_REST_Server))
#4 /var/www/html/wp-includes/rest-api.php(403): rest_get_server()
#5 /var/www/html/wp-includes/class-wp-hook.php(308): rest_api_loaded(Object(WP))
#6 /var/www/html/wp-includes/class-wp-hook.php(332): WP_Hook->apply_filters(NULL, Array)
#7 /var/www/html/wp-includes/plugin.php(565): WP_Hook->do_action(Array)
#8 /var/www/html/wp-includes/class-wp.php(399): do_action_ref_array('parse_request', Array)
#9 /var/www/html/wp-includes/class-wp.php(780): WP->parse_request('')
#10 /var/www/html/wp-includes/functions.php(1334): WP->main('')
#11 /var/www/html/wp-blog-header.php(16): wp()
#12 /var/www/html/index.php(17): require('/var/www/html/w...')
#13 {main}
  thrown in /var/www/html/wp-content/themes/hash-house/inc/route.php on line 9

2023-04-03T13:23:08+00:00 CRITICAL Uncaught Error: Call to a member function get_available_variations() on bool in /var/www/html/wp-content/themes/hash-house/inc/route.php:41
Stack trace:
#0 /var/www/html/wp-includes/rest-api/class-wp-rest-server.php(1181): getProduct(Object(WP_REST_Request))
#1 /var/www/html/wp-includes/rest-api/class-wp-rest-server.php(1028): WP_REST_Server->respond_to_request(Object(WP_REST_Request), '/wp/v2/product/...', Array, NULL)
#2 /var/www/html/wp-includes/rest-api/class-wp-rest-server.php(442): WP_REST_Server->dispatch(Object(WP_REST_Request))
#3 /var/www/html/wp-includes/rest-api.php(410): WP_REST_Server->serve_request('/wp/v2/product/...')
#4 /var/www/html/wp-includes/class-wp-hook.php(308): rest_api_loaded(Object(WP))
#5 /var/www/html/wp-includes/class-wp-hook.php(332): WP_Hook->apply_filters(NULL, Array)
#6 /var/www/html/wp-includes/plugin.php(565): WP_Hook->do_action(Array)
#7 /var/www/html/wp-includes/class-wp.php(399): do_action_ref_array('parse_request', Array)
#8 /var/www/html/wp-includes/class-wp.php(780): WP->parse_request('')
#9 /var/www/html/wp-includes/functions.php(1334): WP->main('')
#10 /var/www/html/wp-blog-header.php(16): wp()
#11 /var/www/html/index.php(17): require('/var/www/html/w...')
#12 {main}
  thrown in /var/www/html/wp-content/themes/hash-house/inc/route.php on line 41

2023-04-03T14:43:09+00:00 CRITICAL Uncaught Error: Cannot use object of type WP_Term as array in /var/www/html/wp-content/themes/hash-house/inc/route.php:62
Stack trace:
#0 [internal function]: {closure}('60_a', 'pa_total_curren...')
#1 /var/www/html/wp-content/themes/hash-house/inc/route.php(63): array_walk(Array, Object(Closure))
#2 /var/www/html/wp-includes/rest-api/class-wp-rest-server.php(1181): getProduct(Object(WP_REST_Request))
#3 /var/www/html/wp-includes/rest-api/class-wp-rest-server.php(1028): WP_REST_Server->respond_to_request(Object(WP_REST_Request), '/wp/v2/product/...', Array, NULL)
#4 /var/www/html/wp-includes/rest-api/class-wp-rest-server.php(442): WP_REST_Server->dispatch(Object(WP_REST_Request))
#5 /var/www/html/wp-includes/rest-api.php(410): WP_REST_Server->serve_request('/wp/v2/product/...')
#6 /var/www/html/wp-includes/class-wp-hook.php(308): rest_api_loaded(Object(WP))
#7 /var/www/html/wp-includes/class-wp-hook.php(332): WP_Hook->apply_filters(NULL, Array)
#8 /var/www/html/wp-includes/plugin.php(565): WP_Hook->do_action(Array)
#9 /var/www/html/wp-includes/class-wp.php(399): do_action_ref_array('parse_request', Array)
#10 /var/www/html/wp-includes/class-wp.php(780): WP->parse_request('')
#11 /var/www/html/wp-includes/functions.php(1334): WP->main('')
#12 /var/www/html/wp-blog-header.php(16): wp()
#13 /var/www/html/index.php(17): require('/var/www/html/w...')
#14 {main}
  thrown in /var/www/html/wp-content/themes/hash-house/inc/route.php on line 62

2023-04-03T14:43:59+00:00 CRITICAL Uncaught Error: Cannot use object of type WP_Term as array in /var/www/html/wp-content/themes/hash-house/inc/route.php:62
Stack trace:
#0 [internal function]: {closure}('60_a', 'pa_total_curren...')
#1 /var/www/html/wp-content/themes/hash-house/inc/route.php(63): array_walk(Array, Object(Closure))
#2 /var/www/html/wp-includes/rest-api/class-wp-rest-server.php(1181): getProduct(Object(WP_REST_Request))
#3 /var/www/html/wp-includes/rest-api/class-wp-rest-server.php(1028): WP_REST_Server->respond_to_request(Object(WP_REST_Request), '/wp/v2/product/...', Array, NULL)
#4 /var/www/html/wp-includes/rest-api/class-wp-rest-server.php(442): WP_REST_Server->dispatch(Object(WP_REST_Request))
#5 /var/www/html/wp-includes/rest-api.php(410): WP_REST_Server->serve_request('/wp/v2/product/...')
#6 /var/www/html/wp-includes/class-wp-hook.php(308): rest_api_loaded(Object(WP))
#7 /var/www/html/wp-includes/class-wp-hook.php(332): WP_Hook->apply_filters(NULL, Array)
#8 /var/www/html/wp-includes/plugin.php(565): WP_Hook->do_action(Array)
#9 /var/www/html/wp-includes/class-wp.php(399): do_action_ref_array('parse_request', Array)
#10 /var/www/html/wp-includes/class-wp.php(780): WP->parse_request('')
#11 /var/www/html/wp-includes/functions.php(1334): WP->main('')
#12 /var/www/html/wp-blog-header.php(16): wp()
#13 /var/www/html/index.php(17): require('/var/www/html/w...')
#14 {main}
  thrown in /var/www/html/wp-content/themes/hash-house/inc/route.php on line 62

2023-04-03T15:01:16+00:00 CRITICAL syntax error, unexpected token ")" in /var/www/html/wp-content/themes/hash-house/inc/route.php on line 65

2023-04-03T18:32:36+00:00 CRITICAL syntax error, unexpected variable "$variations" in /var/www/html/wp-content/themes/hash-house/inc/route.php on line 48

2023-04-03T18:34:37+00:00 CRITICAL syntax error, unexpected variable "$variations" in /var/www/html/wp-content/themes/hash-house/inc/route.php on line 48

