2023-04-04T05:09:31+00:00 CRITICAL Uncaught Error: Call to a member function get_available_variations() on bool in /var/www/html/wp-content/themes/hash-house/inc/route.php:53
Stack trace:
#0 /var/www/html/wp-includes/rest-api/class-wp-rest-server.php(1181): getProduct(Object(WP_REST_Request))
#1 /var/www/html/wp-includes/rest-api/class-wp-rest-server.php(1028): WP_REST_Server->respond_to_request(Object(WP_REST_Request), '/wp/v2/product/...', Array, NULL)
#2 /var/www/html/wp-includes/rest-api/class-wp-rest-server.php(442): WP_REST_Server->dispatch(Object(WP_REST_Request))
#3 /var/www/html/wp-includes/rest-api.php(410): WP_REST_Server->serve_request('/wp/v2/product/...')
#4 /var/www/html/wp-includes/class-wp-hook.php(308): rest_api_loaded(Object(WP))
#5 /var/www/html/wp-includes/class-wp-hook.php(332): WP_Hook->apply_filters(NULL, Array)
#6 /var/www/html/wp-includes/plugin.php(565): WP_Hook->do_action(Array)
#7 /var/www/html/wp-includes/class-wp.php(399): do_action_ref_array('parse_request', Array)
#8 /var/www/html/wp-includes/class-wp.php(780): WP->parse_request('')
#9 /var/www/html/wp-includes/functions.php(1334): WP->main('')
#10 /var/www/html/wp-blog-header.php(16): wp()
#11 /var/www/html/index.php(17): require('/var/www/html/w...')
#12 {main}
  thrown in /var/www/html/wp-content/themes/hash-house/inc/route.php on line 53

2023-04-04T05:10:48+00:00 CRITICAL Uncaught Error: Call to a member function get_available_variations() on bool in /var/www/html/wp-content/themes/hash-house/inc/route.php:53
Stack trace:
#0 /var/www/html/wp-includes/rest-api/class-wp-rest-server.php(1181): getProduct(Object(WP_REST_Request))
#1 /var/www/html/wp-includes/rest-api/class-wp-rest-server.php(1028): WP_REST_Server->respond_to_request(Object(WP_REST_Request), '/wp/v2/product/...', Array, NULL)
#2 /var/www/html/wp-includes/rest-api/class-wp-rest-server.php(442): WP_REST_Server->dispatch(Object(WP_REST_Request))
#3 /var/www/html/wp-includes/rest-api.php(410): WP_REST_Server->serve_request('/wp/v2/product/...')
#4 /var/www/html/wp-includes/class-wp-hook.php(308): rest_api_loaded(Object(WP))
#5 /var/www/html/wp-includes/class-wp-hook.php(332): WP_Hook->apply_filters(NULL, Array)
#6 /var/www/html/wp-includes/plugin.php(565): WP_Hook->do_action(Array)
#7 /var/www/html/wp-includes/class-wp.php(399): do_action_ref_array('parse_request', Array)
#8 /var/www/html/wp-includes/class-wp.php(780): WP->parse_request('')
#9 /var/www/html/wp-includes/functions.php(1334): WP->main('')
#10 /var/www/html/wp-blog-header.php(16): wp()
#11 /var/www/html/index.php(17): require('/var/www/html/w...')
#12 {main}
  thrown in /var/www/html/wp-content/themes/hash-house/inc/route.php on line 53

2023-04-04T05:12:07+00:00 CRITICAL Uncaught Error: Call to a member function get_available_variations() on bool in /var/www/html/wp-content/themes/hash-house/inc/route.php:58
Stack trace:
#0 /var/www/html/wp-includes/rest-api/class-wp-rest-server.php(1181): getProduct(Object(WP_REST_Request))
#1 /var/www/html/wp-includes/rest-api/class-wp-rest-server.php(1028): WP_REST_Server->respond_to_request(Object(WP_REST_Request), '/wp/v2/product/...', Array, NULL)
#2 /var/www/html/wp-includes/rest-api/class-wp-rest-server.php(442): WP_REST_Server->dispatch(Object(WP_REST_Request))
#3 /var/www/html/wp-includes/rest-api.php(410): WP_REST_Server->serve_request('/wp/v2/product/...')
#4 /var/www/html/wp-includes/class-wp-hook.php(308): rest_api_loaded(Object(WP))
#5 /var/www/html/wp-includes/class-wp-hook.php(332): WP_Hook->apply_filters(NULL, Array)
#6 /var/www/html/wp-includes/plugin.php(565): WP_Hook->do_action(Array)
#7 /var/www/html/wp-includes/class-wp.php(399): do_action_ref_array('parse_request', Array)
#8 /var/www/html/wp-includes/class-wp.php(780): WP->parse_request('')
#9 /var/www/html/wp-includes/functions.php(1334): WP->main('')
#10 /var/www/html/wp-blog-header.php(16): wp()
#11 /var/www/html/index.php(17): require('/var/www/html/w...')
#12 {main}
  thrown in /var/www/html/wp-content/themes/hash-house/inc/route.php on line 58

2023-04-04T05:12:26+00:00 CRITICAL Uncaught Error: Call to a member function get_available_variations() on bool in /var/www/html/wp-content/themes/hash-house/inc/route.php:58
Stack trace:
#0 /var/www/html/wp-includes/rest-api/class-wp-rest-server.php(1181): getProduct(Object(WP_REST_Request))
#1 /var/www/html/wp-includes/rest-api/class-wp-rest-server.php(1028): WP_REST_Server->respond_to_request(Object(WP_REST_Request), '/wp/v2/product/...', Array, NULL)
#2 /var/www/html/wp-includes/rest-api/class-wp-rest-server.php(442): WP_REST_Server->dispatch(Object(WP_REST_Request))
#3 /var/www/html/wp-includes/rest-api.php(410): WP_REST_Server->serve_request('/wp/v2/product/...')
#4 /var/www/html/wp-includes/class-wp-hook.php(308): rest_api_loaded(Object(WP))
#5 /var/www/html/wp-includes/class-wp-hook.php(332): WP_Hook->apply_filters(NULL, Array)
#6 /var/www/html/wp-includes/plugin.php(565): WP_Hook->do_action(Array)
#7 /var/www/html/wp-includes/class-wp.php(399): do_action_ref_array('parse_request', Array)
#8 /var/www/html/wp-includes/class-wp.php(780): WP->parse_request('')
#9 /var/www/html/wp-includes/functions.php(1334): WP->main('')
#10 /var/www/html/wp-blog-header.php(16): wp()
#11 /var/www/html/index.php(17): require('/var/www/html/w...')
#12 {main}
  thrown in /var/www/html/wp-content/themes/hash-house/inc/route.php on line 58

2023-04-04T05:12:39+00:00 CRITICAL Uncaught Error: Call to a member function get_available_variations() on bool in /var/www/html/wp-content/themes/hash-house/inc/route.php:58
Stack trace:
#0 /var/www/html/wp-includes/rest-api/class-wp-rest-server.php(1181): getProduct(Object(WP_REST_Request))
#1 /var/www/html/wp-includes/rest-api/class-wp-rest-server.php(1028): WP_REST_Server->respond_to_request(Object(WP_REST_Request), '/wp/v2/product/...', Array, NULL)
#2 /var/www/html/wp-includes/rest-api/class-wp-rest-server.php(442): WP_REST_Server->dispatch(Object(WP_REST_Request))
#3 /var/www/html/wp-includes/rest-api.php(410): WP_REST_Server->serve_request('/wp/v2/product/...')
#4 /var/www/html/wp-includes/class-wp-hook.php(308): rest_api_loaded(Object(WP))
#5 /var/www/html/wp-includes/class-wp-hook.php(332): WP_Hook->apply_filters(NULL, Array)
#6 /var/www/html/wp-includes/plugin.php(565): WP_Hook->do_action(Array)
#7 /var/www/html/wp-includes/class-wp.php(399): do_action_ref_array('parse_request', Array)
#8 /var/www/html/wp-includes/class-wp.php(780): WP->parse_request('')
#9 /var/www/html/wp-includes/functions.php(1334): WP->main('')
#10 /var/www/html/wp-blog-header.php(16): wp()
#11 /var/www/html/index.php(17): require('/var/www/html/w...')
#12 {main}
  thrown in /var/www/html/wp-content/themes/hash-house/inc/route.php on line 58

2023-04-04T05:13:54+00:00 CRITICAL Uncaught Error: Call to a member function get_attributes() on null in /var/www/html/wp-content/themes/hash-house/inc/route.php:63
Stack trace:
#0 /var/www/html/wp-includes/rest-api/class-wp-rest-server.php(1181): getProduct(Object(WP_REST_Request))
#1 /var/www/html/wp-includes/rest-api/class-wp-rest-server.php(1028): WP_REST_Server->respond_to_request(Object(WP_REST_Request), '/wp/v2/product/...', Array, NULL)
#2 /var/www/html/wp-includes/rest-api/class-wp-rest-server.php(442): WP_REST_Server->dispatch(Object(WP_REST_Request))
#3 /var/www/html/wp-includes/rest-api.php(410): WP_REST_Server->serve_request('/wp/v2/product/...')
#4 /var/www/html/wp-includes/class-wp-hook.php(308): rest_api_loaded(Object(WP))
#5 /var/www/html/wp-includes/class-wp-hook.php(332): WP_Hook->apply_filters(NULL, Array)
#6 /var/www/html/wp-includes/plugin.php(565): WP_Hook->do_action(Array)
#7 /var/www/html/wp-includes/class-wp.php(399): do_action_ref_array('parse_request', Array)
#8 /var/www/html/wp-includes/class-wp.php(780): WP->parse_request('')
#9 /var/www/html/wp-includes/functions.php(1334): WP->main('')
#10 /var/www/html/wp-blog-header.php(16): wp()
#11 /var/www/html/index.php(17): require('/var/www/html/w...')
#12 {main}
  thrown in /var/www/html/wp-content/themes/hash-house/inc/route.php on line 63

2023-04-04T05:16:10+00:00 CRITICAL Uncaught Error: Call to a member function get_attributes() on null in /var/www/html/wp-content/themes/hash-house/inc/route.php:63
Stack trace:
#0 /var/www/html/wp-includes/rest-api/class-wp-rest-server.php(1181): getProduct(Object(WP_REST_Request))
#1 /var/www/html/wp-includes/rest-api/class-wp-rest-server.php(1028): WP_REST_Server->respond_to_request(Object(WP_REST_Request), '/wp/v2/product/...', Array, NULL)
#2 /var/www/html/wp-includes/rest-api/class-wp-rest-server.php(442): WP_REST_Server->dispatch(Object(WP_REST_Request))
#3 /var/www/html/wp-includes/rest-api.php(410): WP_REST_Server->serve_request('/wp/v2/product/...')
#4 /var/www/html/wp-includes/class-wp-hook.php(308): rest_api_loaded(Object(WP))
#5 /var/www/html/wp-includes/class-wp-hook.php(332): WP_Hook->apply_filters(NULL, Array)
#6 /var/www/html/wp-includes/plugin.php(565): WP_Hook->do_action(Array)
#7 /var/www/html/wp-includes/class-wp.php(399): do_action_ref_array('parse_request', Array)
#8 /var/www/html/wp-includes/class-wp.php(780): WP->parse_request('')
#9 /var/www/html/wp-includes/functions.php(1334): WP->main('')
#10 /var/www/html/wp-blog-header.php(16): wp()
#11 /var/www/html/index.php(17): require('/var/www/html/w...')
#12 {main}
  thrown in /var/www/html/wp-content/themes/hash-house/inc/route.php on line 63

2023-04-04T05:27:34+00:00 CRITICAL Uncaught Error: Call to undefined method WC_Product_Simple::get_available_variations() in /var/www/html/wp-content/themes/hash-house/inc/route.php:58
Stack trace:
#0 /var/www/html/wp-includes/rest-api/class-wp-rest-server.php(1181): getProduct(Object(WP_REST_Request))
#1 /var/www/html/wp-includes/rest-api/class-wp-rest-server.php(1028): WP_REST_Server->respond_to_request(Object(WP_REST_Request), '/wp/v2/product/...', Array, NULL)
#2 /var/www/html/wp-includes/rest-api/class-wp-rest-server.php(442): WP_REST_Server->dispatch(Object(WP_REST_Request))
#3 /var/www/html/wp-includes/rest-api.php(410): WP_REST_Server->serve_request('/wp/v2/product/...')
#4 /var/www/html/wp-includes/class-wp-hook.php(308): rest_api_loaded(Object(WP))
#5 /var/www/html/wp-includes/class-wp-hook.php(332): WP_Hook->apply_filters(NULL, Array)
#6 /var/www/html/wp-includes/plugin.php(565): WP_Hook->do_action(Array)
#7 /var/www/html/wp-includes/class-wp.php(399): do_action_ref_array('parse_request', Array)
#8 /var/www/html/wp-includes/class-wp.php(780): WP->parse_request('')
#9 /var/www/html/wp-includes/functions.php(1334): WP->main('')
#10 /var/www/html/wp-blog-header.php(16): wp()
#11 /var/www/html/index.php(17): require('/var/www/html/w...')
#12 {main}
  thrown in /var/www/html/wp-content/themes/hash-house/inc/route.php on line 58

2023-04-04T05:34:07+00:00 CRITICAL Uncaught Error: Call to undefined method WC_Product_Simple::get_available_variations() in /var/www/html/wp-content/themes/hash-house/inc/route.php:58
Stack trace:
#0 /var/www/html/wp-includes/rest-api/class-wp-rest-server.php(1181): getProduct(Object(WP_REST_Request))
#1 /var/www/html/wp-includes/rest-api/class-wp-rest-server.php(1028): WP_REST_Server->respond_to_request(Object(WP_REST_Request), '/wp/v2/product/...', Array, NULL)
#2 /var/www/html/wp-includes/rest-api/class-wp-rest-server.php(442): WP_REST_Server->dispatch(Object(WP_REST_Request))
#3 /var/www/html/wp-includes/rest-api.php(410): WP_REST_Server->serve_request('/wp/v2/product/...')
#4 /var/www/html/wp-includes/class-wp-hook.php(308): rest_api_loaded(Object(WP))
#5 /var/www/html/wp-includes/class-wp-hook.php(332): WP_Hook->apply_filters(NULL, Array)
#6 /var/www/html/wp-includes/plugin.php(565): WP_Hook->do_action(Array)
#7 /var/www/html/wp-includes/class-wp.php(399): do_action_ref_array('parse_request', Array)
#8 /var/www/html/wp-includes/class-wp.php(780): WP->parse_request('')
#9 /var/www/html/wp-includes/functions.php(1334): WP->main('')
#10 /var/www/html/wp-blog-header.php(16): wp()
#11 /var/www/html/index.php(17): require('/var/www/html/w...')
#12 {main}
  thrown in /var/www/html/wp-content/themes/hash-house/inc/route.php on line 58

2023-04-04T05:36:29+00:00 CRITICAL syntax error, unexpected variable "$wcProduct" in /var/www/html/wp-content/themes/hash-house/inc/route.php on line 63

2023-04-04T05:36:31+00:00 CRITICAL Uncaught Error: Call to undefined method WC_Product_Simple::get_available_variations() in /var/www/html/wp-content/themes/hash-house/inc/route.php:64
Stack trace:
#0 /var/www/html/wp-includes/rest-api/class-wp-rest-server.php(1181): getProduct(Object(WP_REST_Request))
#1 /var/www/html/wp-includes/rest-api/class-wp-rest-server.php(1028): WP_REST_Server->respond_to_request(Object(WP_REST_Request), '/wp/v2/product/...', Array, NULL)
#2 /var/www/html/wp-includes/rest-api/class-wp-rest-server.php(442): WP_REST_Server->dispatch(Object(WP_REST_Request))
#3 /var/www/html/wp-includes/rest-api.php(410): WP_REST_Server->serve_request('/wp/v2/product/...')
#4 /var/www/html/wp-includes/class-wp-hook.php(308): rest_api_loaded(Object(WP))
#5 /var/www/html/wp-includes/class-wp-hook.php(332): WP_Hook->apply_filters(NULL, Array)
#6 /var/www/html/wp-includes/plugin.php(565): WP_Hook->do_action(Array)
#7 /var/www/html/wp-includes/class-wp.php(399): do_action_ref_array('parse_request', Array)
#8 /var/www/html/wp-includes/class-wp.php(780): WP->parse_request('')
#9 /var/www/html/wp-includes/functions.php(1334): WP->main('')
#10 /var/www/html/wp-blog-header.php(16): wp()
#11 /var/www/html/index.php(17): require('/var/www/html/w...')
#12 {main}
  thrown in /var/www/html/wp-content/themes/hash-house/inc/route.php on line 64

2023-04-04T08:59:06+00:00 CRITICAL Uncaught TypeError: call_user_func_array(): Argument #1 ($callback) must be a valid callback, function "send_smtp_email" not found or invalid function name in /var/www/html/wp-includes/class-wp-hook.php:308
Stack trace:
#0 /var/www/html/wp-includes/class-wp-hook.php(332): WP_Hook->apply_filters(NULL, Array)
#1 /var/www/html/wp-includes/plugin.php(565): WP_Hook->do_action(Array)
#2 /var/www/html/wp-includes/pluggable.php(538): do_action_ref_array('phpmailer_init', Array)
#3 /var/www/html/wp-content/plugins/contact-form-7/includes/mail.php(258): wp_mail(Array, 'Has House "[you...', 'From: Sergey Er...', Array, Array)
#4 /var/www/html/wp-content/plugins/contact-form-7/includes/mail.php(35): WPCF7_Mail->compose()
#5 /var/www/html/wp-content/plugins/contact-form-7/includes/submission.php(791): WPCF7_Mail::send(Array, 'mail')
#6 /var/www/html/wp-content/plugins/contact-form-7/includes/submission.php(115): WPCF7_Submission->mail()
#7 [internal function]: WPCF7_Submission->{closure}()
#8 /var/www/html/wp-content/plugins/contact-form-7/includes/l10n.php(147): call_user_func(Object(Closure))
#9 /var/www/html/wp-content/plugins/contact-form-7/includes/submission.php(131): wpcf7_switch_locale('en_US', Object(Closure))
#10 /var/www/html/wp-content/plugins/contact-form-7/includes/submission.php(35): WPCF7_Submission->proceed()
#11 /var/www/html/wp-content/plugins/contact-form-7/includes/contact-form.php(1043): WPCF7_Submission::get_instance(Object(WPCF7_ContactForm), Array)
#12 /var/www/html/wp-content/themes/hash-house/inc/route.php(225): WPCF7_ContactForm->submit()
#13 /var/www/html/wp-includes/rest-api/class-wp-rest-server.php(1181): downloadForm(Object(WP_REST_Request))
#14 /var/www/html/wp-includes/rest-api/class-wp-rest-server.php(1028): WP_REST_Server->respond_to_request(Object(WP_REST_Request), '/app/v1/downloa...', Array, NULL)
#15 /var/www/html/wp-includes/rest-api/class-wp-rest-server.php(442): WP_REST_Server->dispatch(Object(WP_REST_Request))
#16 /var/www/html/wp-includes/rest-api.php(410): WP_REST_Server->serve_request('/app/v1/downloa...')
#17 /var/www/html/wp-includes/class-wp-hook.php(308): rest_api_loaded(Object(WP))
#18 /var/www/html/wp-includes/class-wp-hook.php(332): WP_Hook->apply_filters(NULL, Array)
#19 /var/www/html/wp-includes/plugin.php(565): WP_Hook->do_action(Array)
#20 /var/www/html/wp-includes/class-wp.php(399): do_action_ref_array('parse_request', Array)
#21 /var/www/html/wp-includes/class-wp.php(780): WP->parse_request('')
#22 /var/www/html/wp-includes/functions.php(1334): WP->main('')
#23 /var/www/html/wp-blog-header.php(16): wp()
#24 /var/www/html/index.php(17): require('/var/www/html/w...')
#25 {main}
  thrown in /var/www/html/wp-includes/class-wp-hook.php on line 308

2023-04-04T08:59:18+00:00 CRITICAL Uncaught TypeError: call_user_func_array(): Argument #1 ($callback) must be a valid callback, function "send_smtp_email" not found or invalid function name in /var/www/html/wp-includes/class-wp-hook.php:308
Stack trace:
#0 /var/www/html/wp-includes/class-wp-hook.php(332): WP_Hook->apply_filters(NULL, Array)
#1 /var/www/html/wp-includes/plugin.php(565): WP_Hook->do_action(Array)
#2 /var/www/html/wp-includes/pluggable.php(538): do_action_ref_array('phpmailer_init', Array)
#3 /var/www/html/wp-content/plugins/contact-form-7/includes/mail.php(258): wp_mail(Array, 'Has House "[you...', 'From: Sergey Ki...', Array, Array)
#4 /var/www/html/wp-content/plugins/contact-form-7/includes/mail.php(35): WPCF7_Mail->compose()
#5 /var/www/html/wp-content/plugins/contact-form-7/includes/submission.php(791): WPCF7_Mail::send(Array, 'mail')
#6 /var/www/html/wp-content/plugins/contact-form-7/includes/submission.php(115): WPCF7_Submission->mail()
#7 [internal function]: WPCF7_Submission->{closure}()
#8 /var/www/html/wp-content/plugins/contact-form-7/includes/l10n.php(147): call_user_func(Object(Closure))
#9 /var/www/html/wp-content/plugins/contact-form-7/includes/submission.php(131): wpcf7_switch_locale('en_US', Object(Closure))
#10 /var/www/html/wp-content/plugins/contact-form-7/includes/submission.php(35): WPCF7_Submission->proceed()
#11 /var/www/html/wp-content/plugins/contact-form-7/includes/contact-form.php(1043): WPCF7_Submission::get_instance(Object(WPCF7_ContactForm), Array)
#12 /var/www/html/wp-content/plugins/contact-form-7/includes/rest-api.php(357): WPCF7_ContactForm->submit()
#13 /var/www/html/wp-includes/rest-api/class-wp-rest-server.php(1181): WPCF7_REST_Controller->create_feedback(Object(WP_REST_Request))
#14 /var/www/html/wp-includes/rest-api/class-wp-rest-server.php(1028): WP_REST_Server->respond_to_request(Object(WP_REST_Request), '/contact-form-7...', Array, NULL)
#15 /var/www/html/wp-includes/rest-api/class-wp-rest-server.php(442): WP_REST_Server->dispatch(Object(WP_REST_Request))
#16 /var/www/html/wp-includes/rest-api.php(410): WP_REST_Server->serve_request('/contact-form-7...')
#17 /var/www/html/wp-includes/class-wp-hook.php(308): rest_api_loaded(Object(WP))
#18 /var/www/html/wp-includes/class-wp-hook.php(332): WP_Hook->apply_filters(NULL, Array)
#19 /var/www/html/wp-includes/plugin.php(565): WP_Hook->do_action(Array)
#20 /var/www/html/wp-includes/class-wp.php(399): do_action_ref_array('parse_request', Array)
#21 /var/www/html/wp-includes/class-wp.php(780): WP->parse_request('')
#22 /var/www/html/wp-includes/functions.php(1334): WP->main('')
#23 /var/www/html/wp-blog-header.php(16): wp()
#24 /var/www/html/index.php(17): require('/var/www/html/w...')
#25 {main}
  thrown in /var/www/html/wp-includes/class-wp-hook.php on line 308

2023-04-04T09:32:45+00:00 CRITICAL Uncaught Error: Call to a member function get_id() on null in /var/www/html/wp-content/themes/hash-house/inc/route.php:170
Stack trace:
#0 /var/www/html/wp-includes/rest-api/class-wp-rest-server.php(1181): downloadForm(Object(WP_REST_Request))
#1 /var/www/html/wp-includes/rest-api/class-wp-rest-server.php(1028): WP_REST_Server->respond_to_request(Object(WP_REST_Request), '/app/v1/downloa...', Array, NULL)
#2 /var/www/html/wp-includes/rest-api/class-wp-rest-server.php(442): WP_REST_Server->dispatch(Object(WP_REST_Request))
#3 /var/www/html/wp-includes/rest-api.php(410): WP_REST_Server->serve_request('/app/v1/downloa...')
#4 /var/www/html/wp-includes/class-wp-hook.php(308): rest_api_loaded(Object(WP))
#5 /var/www/html/wp-includes/class-wp-hook.php(332): WP_Hook->apply_filters(NULL, Array)
#6 /var/www/html/wp-includes/plugin.php(565): WP_Hook->do_action(Array)
#7 /var/www/html/wp-includes/class-wp.php(399): do_action_ref_array('parse_request', Array)
#8 /var/www/html/wp-includes/class-wp.php(780): WP->parse_request('')
#9 /var/www/html/wp-includes/functions.php(1334): WP->main('')
#10 /var/www/html/wp-blog-header.php(16): wp()
#11 /var/www/html/index.php(17): require('/var/www/html/w...')
#12 {main}
  thrown in /var/www/html/wp-content/themes/hash-house/inc/route.php on line 170

2023-04-04T09:34:43+00:00 CRITICAL Uncaught Error: Call to a member function get_id() on null in /var/www/html/wp-content/themes/hash-house/inc/route.php:170
Stack trace:
#0 /var/www/html/wp-includes/rest-api/class-wp-rest-server.php(1181): downloadForm(Object(WP_REST_Request))
#1 /var/www/html/wp-includes/rest-api/class-wp-rest-server.php(1028): WP_REST_Server->respond_to_request(Object(WP_REST_Request), '/app/v1/downloa...', Array, NULL)
#2 /var/www/html/wp-includes/rest-api/class-wp-rest-server.php(442): WP_REST_Server->dispatch(Object(WP_REST_Request))
#3 /var/www/html/wp-includes/rest-api.php(410): WP_REST_Server->serve_request('/app/v1/downloa...')
#4 /var/www/html/wp-includes/class-wp-hook.php(308): rest_api_loaded(Object(WP))
#5 /var/www/html/wp-includes/class-wp-hook.php(332): WP_Hook->apply_filters(NULL, Array)
#6 /var/www/html/wp-includes/plugin.php(565): WP_Hook->do_action(Array)
#7 /var/www/html/wp-includes/class-wp.php(399): do_action_ref_array('parse_request', Array)
#8 /var/www/html/wp-includes/class-wp.php(780): WP->parse_request('')
#9 /var/www/html/wp-includes/functions.php(1334): WP->main('')
#10 /var/www/html/wp-blog-header.php(16): wp()
#11 /var/www/html/index.php(17): require('/var/www/html/w...')
#12 {main}
  thrown in /var/www/html/wp-content/themes/hash-house/inc/route.php on line 170

2023-04-04T11:01:10+00:00 CRITICAL Uncaught Error: Cannot use object of type WPCF7_ContactForm as array in /var/www/html/wp-content/themes/hash-house/inc/route.php:194
Stack trace:
#0 /var/www/html/wp-includes/rest-api/class-wp-rest-server.php(1181): downloadForm(Object(WP_REST_Request))
#1 /var/www/html/wp-includes/rest-api/class-wp-rest-server.php(1028): WP_REST_Server->respond_to_request(Object(WP_REST_Request), '/app/v1/downloa...', Array, NULL)
#2 /var/www/html/wp-includes/rest-api/class-wp-rest-server.php(442): WP_REST_Server->dispatch(Object(WP_REST_Request))
#3 /var/www/html/wp-includes/rest-api.php(410): WP_REST_Server->serve_request('/app/v1/downloa...')
#4 /var/www/html/wp-includes/class-wp-hook.php(308): rest_api_loaded(Object(WP))
#5 /var/www/html/wp-includes/class-wp-hook.php(332): WP_Hook->apply_filters(NULL, Array)
#6 /var/www/html/wp-includes/plugin.php(565): WP_Hook->do_action(Array)
#7 /var/www/html/wp-includes/class-wp.php(399): do_action_ref_array('parse_request', Array)
#8 /var/www/html/wp-includes/class-wp.php(780): WP->parse_request('')
#9 /var/www/html/wp-includes/functions.php(1334): WP->main('')
#10 /var/www/html/wp-blog-header.php(16): wp()
#11 /var/www/html/index.php(17): require('/var/www/html/w...')
#12 {main}
  thrown in /var/www/html/wp-content/themes/hash-house/inc/route.php on line 194

2023-04-04T11:03:09+00:00 CRITICAL Uncaught Error: Cannot use object of type WPCF7_ContactForm as array in /var/www/html/wp-content/themes/hash-house/inc/route.php:194
Stack trace:
#0 /var/www/html/wp-includes/rest-api/class-wp-rest-server.php(1181): downloadForm(Object(WP_REST_Request))
#1 /var/www/html/wp-includes/rest-api/class-wp-rest-server.php(1028): WP_REST_Server->respond_to_request(Object(WP_REST_Request), '/app/v1/downloa...', Array, NULL)
#2 /var/www/html/wp-includes/rest-api/class-wp-rest-server.php(442): WP_REST_Server->dispatch(Object(WP_REST_Request))
#3 /var/www/html/wp-includes/rest-api.php(410): WP_REST_Server->serve_request('/app/v1/downloa...')
#4 /var/www/html/wp-includes/class-wp-hook.php(308): rest_api_loaded(Object(WP))
#5 /var/www/html/wp-includes/class-wp-hook.php(332): WP_Hook->apply_filters(NULL, Array)
#6 /var/www/html/wp-includes/plugin.php(565): WP_Hook->do_action(Array)
#7 /var/www/html/wp-includes/class-wp.php(399): do_action_ref_array('parse_request', Array)
#8 /var/www/html/wp-includes/class-wp.php(780): WP->parse_request('')
#9 /var/www/html/wp-includes/functions.php(1334): WP->main('')
#10 /var/www/html/wp-blog-header.php(16): wp()
#11 /var/www/html/index.php(17): require('/var/www/html/w...')
#12 {main}
  thrown in /var/www/html/wp-content/themes/hash-house/inc/route.php on line 194

2023-04-04T11:27:20+00:00 CRITICAL Uncaught Error: Call to a member function get_attributes() on null in /var/www/html/wp-content/themes/hash-house/inc/route.php:290
Stack trace:
#0 /var/www/html/wp-content/themes/hash-house/inc/route.php(83): getVariable(503)
#1 /var/www/html/wp-includes/rest-api/class-wp-rest-server.php(1181): getProduct(Object(WP_REST_Request))
#2 /var/www/html/wp-includes/rest-api/class-wp-rest-server.php(1028): WP_REST_Server->respond_to_request(Object(WP_REST_Request), '/wp/v2/product/...', Array, NULL)
#3 /var/www/html/wp-includes/rest-api/class-wp-rest-server.php(442): WP_REST_Server->dispatch(Object(WP_REST_Request))
#4 /var/www/html/wp-includes/rest-api.php(410): WP_REST_Server->serve_request('/wp/v2/product/...')
#5 /var/www/html/wp-includes/class-wp-hook.php(308): rest_api_loaded(Object(WP))
#6 /var/www/html/wp-includes/class-wp-hook.php(332): WP_Hook->apply_filters(NULL, Array)
#7 /var/www/html/wp-includes/plugin.php(565): WP_Hook->do_action(Array)
#8 /var/www/html/wp-includes/class-wp.php(399): do_action_ref_array('parse_request', Array)
#9 /var/www/html/wp-includes/class-wp.php(780): WP->parse_request('')
#10 /var/www/html/wp-includes/functions.php(1334): WP->main('')
#11 /var/www/html/wp-blog-header.php(16): wp()
#12 /var/www/html/index.php(17): require('/var/www/html/w...')
#13 {main}
  thrown in /var/www/html/wp-content/themes/hash-house/inc/route.php on line 290

2023-04-04T13:07:13+00:00 CRITICAL Cannot use [] for reading in xdebug://debug-eval on line 1

2023-04-04T13:18:07+00:00 CRITICAL Uncaught ArgumentCountError: next() expects exactly 1 argument, 0 given in /var/www/html/wp-content/themes/hash-house/functions.php:13
Stack trace:
#0 /var/www/html/wp-content/themes/hash-house/functions.php(13): next()
#1 /var/www/html/wp-includes/class-wp-hook.php(308): {closure}('')
#2 /var/www/html/wp-includes/class-wp-hook.php(332): WP_Hook->apply_filters(NULL, Array)
#3 /var/www/html/wp-includes/plugin.php(517): WP_Hook->do_action(Array)
#4 /var/www/html/wp-includes/script-loader.php(2194): do_action('wp_enqueue_scri...')
#5 /var/www/html/wp-includes/class-wp-hook.php(308): wp_enqueue_scripts('')
#6 /var/www/html/wp-includes/class-wp-hook.php(332): WP_Hook->apply_filters(NULL, Array)
#7 /var/www/html/wp-includes/plugin.php(517): WP_Hook->do_action(Array)
#8 /var/www/html/wp-includes/general-template.php(3049): do_action('wp_head')
#9 /var/www/html/wp-content/themes/hash-house/header.php(13): wp_head()
#10 /var/www/html/wp-includes/template.php(783): require_once('/var/www/html/w...')
#11 /var/www/html/wp-includes/template.php(718): load_template('/var/www/html/w...', true, Array)
#12 /var/www/html/wp-includes/general-template.php(48): locate_template(Array, true, true, Array)
#13 /var/www/html/wp-content/themes/hash-house/index.php(1): get_header()
#14 /var/www/html/wp-includes/template-loader.php(106): include('/var/www/html/w...')
#15 /var/www/html/wp-blog-header.php(19): require_once('/var/www/html/w...')
#16 /var/www/html/index.php(17): require('/var/www/html/w...')
#17 {main}
  thrown in /var/www/html/wp-content/themes/hash-house/functions.php on line 13

2023-04-04T13:18:07+00:00 CRITICAL Uncaught ArgumentCountError: next() expects exactly 1 argument, 0 given in /var/www/html/wp-content/themes/hash-house/functions.php:13
Stack trace:
#0 /var/www/html/wp-content/themes/hash-house/functions.php(13): next()
#1 /var/www/html/wp-includes/class-wp-hook.php(308): {closure}('')
#2 /var/www/html/wp-includes/class-wp-hook.php(332): WP_Hook->apply_filters(NULL, Array)
#3 /var/www/html/wp-includes/plugin.php(517): WP_Hook->do_action(Array)
#4 /var/www/html/wp-includes/script-loader.php(2194): do_action('wp_enqueue_scri...')
#5 /var/www/html/wp-includes/class-wp-hook.php(308): wp_enqueue_scripts('')
#6 /var/www/html/wp-includes/class-wp-hook.php(332): WP_Hook->apply_filters(NULL, Array)
#7 /var/www/html/wp-includes/plugin.php(517): WP_Hook->do_action(Array)
#8 /var/www/html/wp-includes/general-template.php(3049): do_action('wp_head')
#9 /var/www/html/wp-content/themes/hash-house/header.php(13): wp_head()
#10 /var/www/html/wp-includes/template.php(783): require_once('/var/www/html/w...')
#11 /var/www/html/wp-includes/template.php(718): load_template('/var/www/html/w...', true, Array)
#12 /var/www/html/wp-includes/general-template.php(48): locate_template(Array, true, true, Array)
#13 /var/www/html/wp-content/themes/hash-house/index.php(1): get_header()
#14 /var/www/html/wp-includes/template-loader.php(106): include('/var/www/html/w...')
#15 /var/www/html/wp-blog-header.php(19): require_once('/var/www/html/w...')
#16 /var/www/html/index.php(17): require('/var/www/html/w...')
#17 {main}
  thrown in /var/www/html/wp-content/themes/hash-house/functions.php on line 13

2023-04-04T13:18:09+00:00 CRITICAL Uncaught ArgumentCountError: next() expects exactly 1 argument, 0 given in /var/www/html/wp-content/themes/hash-house/functions.php:13
Stack trace:
#0 /var/www/html/wp-content/themes/hash-house/functions.php(13): next()
#1 /var/www/html/wp-includes/class-wp-hook.php(308): {closure}('')
#2 /var/www/html/wp-includes/class-wp-hook.php(332): WP_Hook->apply_filters(NULL, Array)
#3 /var/www/html/wp-includes/plugin.php(517): WP_Hook->do_action(Array)
#4 /var/www/html/wp-includes/script-loader.php(2194): do_action('wp_enqueue_scri...')
#5 /var/www/html/wp-includes/class-wp-hook.php(308): wp_enqueue_scripts('')
#6 /var/www/html/wp-includes/class-wp-hook.php(332): WP_Hook->apply_filters(NULL, Array)
#7 /var/www/html/wp-includes/plugin.php(517): WP_Hook->do_action(Array)
#8 /var/www/html/wp-includes/general-template.php(3049): do_action('wp_head')
#9 /var/www/html/wp-content/themes/hash-house/header.php(13): wp_head()
#10 /var/www/html/wp-includes/template.php(783): require_once('/var/www/html/w...')
#11 /var/www/html/wp-includes/template.php(718): load_template('/var/www/html/w...', true, Array)
#12 /var/www/html/wp-includes/general-template.php(48): locate_template(Array, true, true, Array)
#13 /var/www/html/wp-content/themes/hash-house/index.php(1): get_header()
#14 /var/www/html/wp-includes/template-loader.php(106): include('/var/www/html/w...')
#15 /var/www/html/wp-blog-header.php(19): require_once('/var/www/html/w...')
#16 /var/www/html/index.php(17): require('/var/www/html/w...')
#17 {main}
  thrown in /var/www/html/wp-content/themes/hash-house/functions.php on line 13

2023-04-04T13:18:09+00:00 CRITICAL Uncaught ArgumentCountError: next() expects exactly 1 argument, 0 given in /var/www/html/wp-content/themes/hash-house/functions.php:13
Stack trace:
#0 /var/www/html/wp-content/themes/hash-house/functions.php(13): next()
#1 /var/www/html/wp-includes/class-wp-hook.php(308): {closure}('')
#2 /var/www/html/wp-includes/class-wp-hook.php(332): WP_Hook->apply_filters(NULL, Array)
#3 /var/www/html/wp-includes/plugin.php(517): WP_Hook->do_action(Array)
#4 /var/www/html/wp-includes/script-loader.php(2194): do_action('wp_enqueue_scri...')
#5 /var/www/html/wp-includes/class-wp-hook.php(308): wp_enqueue_scripts('')
#6 /var/www/html/wp-includes/class-wp-hook.php(332): WP_Hook->apply_filters(NULL, Array)
#7 /var/www/html/wp-includes/plugin.php(517): WP_Hook->do_action(Array)
#8 /var/www/html/wp-includes/general-template.php(3049): do_action('wp_head')
#9 /var/www/html/wp-content/themes/hash-house/header.php(13): wp_head()
#10 /var/www/html/wp-includes/template.php(783): require_once('/var/www/html/w...')
#11 /var/www/html/wp-includes/template.php(718): load_template('/var/www/html/w...', true, Array)
#12 /var/www/html/wp-includes/general-template.php(48): locate_template(Array, true, true, Array)
#13 /var/www/html/wp-content/themes/hash-house/index.php(1): get_header()
#14 /var/www/html/wp-includes/template-loader.php(106): include('/var/www/html/w...')
#15 /var/www/html/wp-blog-header.php(19): require_once('/var/www/html/w...')
#16 /var/www/html/index.php(17): require('/var/www/html/w...')
#17 {main}
  thrown in /var/www/html/wp-content/themes/hash-house/functions.php on line 13

2023-04-04T13:18:09+00:00 CRITICAL Uncaught ArgumentCountError: next() expects exactly 1 argument, 0 given in /var/www/html/wp-content/themes/hash-house/functions.php:13
Stack trace:
#0 /var/www/html/wp-content/themes/hash-house/functions.php(13): next()
#1 /var/www/html/wp-includes/class-wp-hook.php(308): {closure}('')
#2 /var/www/html/wp-includes/class-wp-hook.php(332): WP_Hook->apply_filters(NULL, Array)
#3 /var/www/html/wp-includes/plugin.php(517): WP_Hook->do_action(Array)
#4 /var/www/html/wp-includes/script-loader.php(2194): do_action('wp_enqueue_scri...')
#5 /var/www/html/wp-includes/class-wp-hook.php(308): wp_enqueue_scripts('')
#6 /var/www/html/wp-includes/class-wp-hook.php(332): WP_Hook->apply_filters(NULL, Array)
#7 /var/www/html/wp-includes/plugin.php(517): WP_Hook->do_action(Array)
#8 /var/www/html/wp-includes/general-template.php(3049): do_action('wp_head')
#9 /var/www/html/wp-content/themes/hash-house/header.php(13): wp_head()
#10 /var/www/html/wp-includes/template.php(783): require_once('/var/www/html/w...')
#11 /var/www/html/wp-includes/template.php(718): load_template('/var/www/html/w...', true, Array)
#12 /var/www/html/wp-includes/general-template.php(48): locate_template(Array, true, true, Array)
#13 /var/www/html/wp-content/themes/hash-house/index.php(1): get_header()
#14 /var/www/html/wp-includes/template-loader.php(106): include('/var/www/html/w...')
#15 /var/www/html/wp-blog-header.php(19): require_once('/var/www/html/w...')
#16 /var/www/html/index.php(17): require('/var/www/html/w...')
#17 {main}
  thrown in /var/www/html/wp-content/themes/hash-house/functions.php on line 13

2023-04-04T13:18:09+00:00 CRITICAL Uncaught ArgumentCountError: next() expects exactly 1 argument, 0 given in /var/www/html/wp-content/themes/hash-house/functions.php:13
Stack trace:
#0 /var/www/html/wp-content/themes/hash-house/functions.php(13): next()
#1 /var/www/html/wp-includes/class-wp-hook.php(308): {closure}('')
#2 /var/www/html/wp-includes/class-wp-hook.php(332): WP_Hook->apply_filters(NULL, Array)
#3 /var/www/html/wp-includes/plugin.php(517): WP_Hook->do_action(Array)
#4 /var/www/html/wp-includes/script-loader.php(2194): do_action('wp_enqueue_scri...')
#5 /var/www/html/wp-includes/class-wp-hook.php(308): wp_enqueue_scripts('')
#6 /var/www/html/wp-includes/class-wp-hook.php(332): WP_Hook->apply_filters(NULL, Array)
#7 /var/www/html/wp-includes/plugin.php(517): WP_Hook->do_action(Array)
#8 /var/www/html/wp-includes/general-template.php(3049): do_action('wp_head')
#9 /var/www/html/wp-content/themes/hash-house/header.php(13): wp_head()
#10 /var/www/html/wp-includes/template.php(783): require_once('/var/www/html/w...')
#11 /var/www/html/wp-includes/template.php(718): load_template('/var/www/html/w...', true, Array)
#12 /var/www/html/wp-includes/general-template.php(48): locate_template(Array, true, true, Array)
#13 /var/www/html/wp-content/themes/hash-house/index.php(1): get_header()
#14 /var/www/html/wp-includes/template-loader.php(106): include('/var/www/html/w...')
#15 /var/www/html/wp-blog-header.php(19): require_once('/var/www/html/w...')
#16 /var/www/html/index.php(17): require('/var/www/html/w...')
#17 {main}
  thrown in /var/www/html/wp-content/themes/hash-house/functions.php on line 13

2023-04-04T14:24:04+00:00 CRITICAL syntax error, unexpected token "use", expecting "{" in /var/www/html/wp-content/themes/hash-house/functions.php on line 9

2023-04-04T14:25:36+00:00 CRITICAL syntax error, unexpected token "use", expecting "{" in /var/www/html/wp-content/themes/hash-house/functions.php on line 9

2023-04-04T14:26:04+00:00 CRITICAL syntax error, unexpected token "use", expecting "{" in /var/www/html/wp-content/themes/hash-house/functions.php on line 9

2023-04-04T14:31:06+00:00 CRITICAL syntax error, unexpected token "use", expecting "{" in /var/www/html/wp-content/themes/hash-house/functions.php on line 9

2023-04-04T14:31:06+00:00 CRITICAL syntax error, unexpected token "use", expecting "{" in /var/www/html/wp-content/themes/hash-house/functions.php on line 9

